<?xml version="1.0" encoding="UTF-8"?>
<!-- Generated by org.testng.reporters.JUnitReportReporter -->
<testsuite hostname="ASUSVIVOBOOK13" failures="0" tests="1" name="com.selenium.AppTest" time="0.070" errors="0" timestamp="2024-10-17T23:05:21 IST" skipped="0">
  <testcase classname="com.selenium.AppTest" name="testApp" time="0.070"/>
  <system-out/>
</testsuite> <!-- com.selenium.AppTest -->
